<?xml version="1.0" encoding="UTF-8"?>
<testsuite xmlns:xsi="http://www.w3.org/2001/XMLSchema-instance" xsi:noNamespaceSchemaLocation="https://maven.apache.org/surefire/maven-surefire-plugin/xsd/surefire-test-report-3.0.xsd" version="3.0" name="com.lrucache.cache.LRUCacheTest" time="0.223" tests="7" errors="0" skipped="0" failures="0">
  <properties>
[...]
</properties>
  <testcase name="testGetContentsCopy" classname="com.lrucache.cache.LRUCacheTest" time="0.084"/>
  <testcase name="testEvictionListener" classname="com.lrucache.cache.LRUCacheTest" time="0.008"/>
  <testcase name="testClear" classname="com.lrucache.cache.LRUCacheTest" time="0.004"/>
  <testcase name="testLRUEviction" classname="com.lrucache.cache.LRUCacheTest" time="0.003"/>
  <testcase name="testNullValidation" classname="com.lrucache.cache.LRUCacheTest" time="0.009"/>
  <testcase name="testBasicOperations" classname="com.lrucache.cache.LRUCacheTest" time="0.005"/>
  <testcase name="testCapacityValidation" classname="com.lrucache.cache.LRUCacheTest" time="0.018"/>
</testsuite>